<?xml version="1.0" encoding="UTF-8"?>
<testsuite xmlns:xsi="http://www.w3.org/2001/XMLSchema-instance" xsi:noNamespaceSchemaLocation="https://maven.apache.org/surefire/maven-surefire-plugin/xsd/surefire-test-report-3.0.xsd" version="3.0" name="com.generico.app.tienda.productos.TiendaServicioProductosApplicationTests" time="6.572" tests="1" errors="0" skipped="0" failures="0">
  <properties>
[...]
</properties>
  <testcase name="contextLoads" classname="com.generico.app.tienda.productos.TiendaServicioProductosApplicationTests" time="0.629">
    <system-out><![CDATA[23:15:54.811 [main] INFO org.springframework.test.context.support.AnnotationConfigContextLoaderUtils -- Could not detect default configuration classes for test class [com.generico.app.tienda.productos.TiendaServicioProductosApplicationTests]: TiendaServicioProductosApplicationTests does not declare any static, non-private, non-final, nested classes annotated with @Configuration.
23:15:54.948 [main] INFO org.springframework.boot.test.context.SpringBootTestContextBootstrapper -- Found @SpringBootConfiguration com.generico.app.tienda.productos.TiendaServicioProductosApplication for test class com.generico.app.tienda.productos.TiendaServicioProductosApplicationTests
23:15:55.198 [main] INFO org.springframework.boot.devtools.restart.RestartApplicationListener -- Restart disabled due to context in which it is running

  .   ____          _            __ _ _
 /\\ / ___'_ __ _ _(_)_ __  __ _ \ \ \ \
( ( )\___ | '_ | '_| | '_ \/ _` | \ \ \ \
 \\/  ___)| |_)| | | | | || (_| |  ) ) ) )
  '  |____| .__|_| |_|_| |_\__, | / / / /
 =========|_|==============|___/=/_/_/_/
 :: Spring Boot ::                (v3.2.3)

2024-03-21T23:15:55.563-05:00  INFO 16132 --- [service-products] [           main] .TiendaServicioProductosApplicationTests : Starting TiendaServicioProductosApplicationTests using Java 17.0.9 with PID 16132 (started by nak in C:\Users\nakid\Documents\Programacion\Microservicios\tienda-servicio-productos)
2024-03-21T23:15:55.565-05:00  INFO 16132 --- [service-products] [           main] .TiendaServicioProductosApplicationTests : No active profile set, falling back to 1 default profile: "default"
2024-03-21T23:15:56.512-05:00  INFO 16132 --- [service-products] [           main] .s.d.r.c.RepositoryConfigurationDelegate : Bootstrapping Spring Data JPA repositories in DEFAULT mode.
2024-03-21T23:15:56.590-05:00  INFO 16132 --- [service-products] [           main] .s.d.r.c.RepositoryConfigurationDelegate : Finished Spring Data repository scanning in 66 ms. Found 1 JPA repository interface.
2024-03-21T23:15:57.289-05:00  INFO 16132 --- [service-products] [           main] com.zaxxer.hikari.HikariDataSource       : HikariPool-1 - Starting...
2024-03-21T23:15:57.545-05:00  INFO 16132 --- [service-products] [           main] com.zaxxer.hikari.pool.HikariPool        : HikariPool-1 - Added connection conn0: url=jdbc:h2:mem:a171b243-eb41-47e1-a1dd-8e7320d54125 user=SA
2024-03-21T23:15:57.546-05:00  INFO 16132 --- [service-products] [           main] com.zaxxer.hikari.HikariDataSource       : HikariPool-1 - Start completed.
2024-03-21T23:15:57.629-05:00  INFO 16132 --- [service-products] [           main] o.hibernate.jpa.internal.util.LogHelper  : HHH000204: Processing PersistenceUnitInfo [name: default]
2024-03-21T23:15:57.713-05:00  INFO 16132 --- [service-products] [           main] org.hibernate.Version                    : HHH000412: Hibernate ORM core version 6.4.4.Final
2024-03-21T23:15:57.755-05:00  INFO 16132 --- [service-products] [           main] o.h.c.internal.RegionFactoryInitiator    : HHH000026: Second-level cache disabled
2024-03-21T23:15:58.166-05:00  INFO 16132 --- [service-products] [           main] o.s.o.j.p.SpringPersistenceUnitInfo      : No LoadTimeWeaver setup: ignoring JPA class transformer
2024-03-21T23:15:59.261-05:00  INFO 16132 --- [service-products] [           main] o.h.e.t.j.p.i.JtaPlatformInitiator       : HHH000489: No JTA platform available (set 'hibernate.transaction.jta.platform' to enable JTA platform integration)
2024-03-21T23:15:59.304-05:00  INFO 16132 --- [service-products] [           main] j.LocalContainerEntityManagerFactoryBean : Initialized JPA EntityManagerFactory for persistence unit 'default'
2024-03-21T23:15:59.879-05:00  WARN 16132 --- [service-products] [           main] JpaBaseConfiguration$JpaWebConfiguration : spring.jpa.open-in-view is enabled by default. Therefore, database queries may be performed during view rendering. Explicitly configure spring.jpa.open-in-view to disable this warning
2024-03-21T23:16:00.532-05:00  INFO 16132 --- [service-products] [           main] .TiendaServicioProductosApplicationTests : Started TiendaServicioProductosApplicationTests in 5.349 seconds (process running for 6.542)
]]></system-out>
  </testcase>
</testsuite>